0 info it worked if it ends with ok
1 verbose cli [ 'C:\\Program Files\\nodejs\\node.exe',
1 verbose cli   'C:\\Program Files\\nodejs\\node_modules\\npm\\bin\\npm-cli.js',
1 verbose cli   'start' ]
2 info using npm@4.1.2
3 info using node@v7.7.3
4 verbose run-script [ 'prestart', 'start', 'poststart' ]
5 info lifecycle RESTful-API@0.0.1~prestart: RESTful-API@0.0.1
6 silly lifecycle RESTful-API@0.0.1~prestart: no script for prestart, continuing
7 info lifecycle RESTful-API@0.0.1~start: RESTful-API@0.0.1
8 verbose lifecycle RESTful-API@0.0.1~start: unsafe-perm in lifecycle true
9 verbose lifecycle RESTful-API@0.0.1~start: PATH: C:\Program Files\nodejs\node_modules\npm\bin\node-gyp-bin;E:\RESTful-api-using-nodejs-master\node_modules\.bin;C:\ProgramData\Oracle\Java\javapath;C:\Windows\system32;C:\Windows;C:\Windows\System32\Wbem;C:\Windows\System32\WindowsPowerShell\v1.0\;C:\Program Files\nodejs\;D:\xampp\php;C:\ProgramData\ComposerSetup\bin;d:\Git\cmd;C:\Program Files (x86)\Skype\Phone\;d:\Anaconda2;d:\Anaconda2\Scripts;d:\Anaconda2\Library\bin;C:\Users\Rajith\AppData\Roaming\npm;C:\Users\Rajith\AppData\Roaming\Composer\vendor\bin;d:\Microsoft VS Code\bin
10 verbose lifecycle RESTful-API@0.0.1~start: CWD: E:\RESTful-api-using-nodejs-master
11 silly lifecycle RESTful-API@0.0.1~start: Args: [ '/d /s /c', 'node Server.js' ]
12 silly lifecycle RESTful-API@0.0.1~start: Returned: code: 1  signal: null
13 info lifecycle RESTful-API@0.0.1~start: Failed to exec start script
14 verbose stack Error: RESTful-API@0.0.1 start: `node Server.js`
14 verbose stack Exit status 1
14 verbose stack     at EventEmitter.<anonymous> (C:\Program Files\nodejs\node_modules\npm\lib\utils\lifecycle.js:279:16)
14 verbose stack     at emitTwo (events.js:106:13)
14 verbose stack     at EventEmitter.emit (events.js:194:7)
14 verbose stack     at ChildProcess.<anonymous> (C:\Program Files\nodejs\node_modules\npm\lib\utils\spawn.js:40:14)
14 verbose stack     at emitTwo (events.js:106:13)
14 verbose stack     at ChildProcess.emit (events.js:194:7)
14 verbose stack     at maybeClose (internal/child_process.js:899:16)
14 verbose stack     at Process.ChildProcess._handle.onexit (internal/child_process.js:226:5)
15 verbose pkgid RESTful-API@0.0.1
16 verbose cwd E:\RESTful-api-using-nodejs-master
17 error Windows_NT 6.1.7601
18 error argv "C:\\Program Files\\nodejs\\node.exe" "C:\\Program Files\\nodejs\\node_modules\\npm\\bin\\npm-cli.js" "start"
19 error node v7.7.3
20 error npm  v4.1.2
21 error code ELIFECYCLE
22 error RESTful-API@0.0.1 start: `node Server.js`
22 error Exit status 1
23 error Failed at the RESTful-API@0.0.1 start script 'node Server.js'.
23 error Make sure you have the latest version of node.js and npm installed.
23 error If you do, this is most likely a problem with the RESTful-API package,
23 error not with npm itself.
23 error Tell the author that this fails on your system:
23 error     node Server.js
23 error You can get information on how to open an issue for this project with:
23 error     npm bugs RESTful-API
23 error Or if that isn't available, you can get their info via:
23 error     npm owner ls RESTful-API
23 error There is likely additional logging output above.
24 verbose exit [ 1, true ]
